====block====
id:1
timestamp:1670076325.82
nonce:1482273294
prev_hash:a2adb46910e95f3192a57c8c08b98c8dd177fa2e450ac7a17291754c6cee854d
information.data:test 0 port 5002
source:172.20.10.5:5002
=============
hash:000043b7c2f6fe8af2255c30c06f3b8acd7c17bc80749d281f5f9dd370af2a2d
=============
====block====
id:2
timestamp:1670076325.85
nonce:2157703826
prev_hash:000043b7c2f6fe8af2255c30c06f3b8acd7c17bc80749d281f5f9dd370af2a2d
information.data:test 1 port 5002
source:172.20.10.5:5002
=============
hash:00009e5a6222460d33f493dcd95e200f4b9b9013d6785533ed6296e11fd43463
=============
====block====
id:3
timestamp:1670076325.87
nonce:4180125122
prev_hash:00009e5a6222460d33f493dcd95e200f4b9b9013d6785533ed6296e11fd43463
information.data:test 2 port 5002
source:172.20.10.5:5002
=============