(debug)][mylib]pyPorcess: ChildProcess {
  _events: [Object: null prototype] {},
  _eventsCount: 0,
  _maxListeners: undefined,
  _closesNeeded: 3,
  _closesGot: 0,
  connected: false,
  signalCode: null,
  exitCode: null,
  killed: false,
  spawnfile: 'python3',
  _handle:
   Process { onexit: [Function], pid: 9605, [Symbol(owner)]: [Circular] },
  spawnargs:
   [ 'python3',
     '-u',
     './lib/communicator.py',
     '192.168.136.1',
     5002,
     'auto detect script',
     true ],
  pid: 9605,
  stdin:
   Socket {
     connecting: false,
     _hadError: false,
     _handle:
      Pipe {
        onread: [Function: onStreamRead],
        [Symbol(owner)]: [Circular] },
     _parent: null,
     _host: null,
     _readableState:
      ReadableState {
        objectMode: false,
        highWaterMark: 16384,
        buffer: BufferList { head: null, tail: null, length: 0 },
        length: 0,
        pipes: null,
        pipesCount: 0,
        flowing: null,
        ended: false,
        endEmitted: false,
        reading: false,
        sync: true,
        needReadable: false,
        emittedReadable: false,
        readableListening: false,
        resumeScheduled: false,
        paused: true,
        emitClose: false,
        autoDestroy: false,
        destroyed: false,
        defaultEncoding: 'utf8',
        awaitDrain: 0,
        readingMore: false,
        decoder: null,
        encoding: null },
     readable: false,
     _events:
      [Object: null prototype] { end: [Function: onReadableStreamEnd] },
     _eventsCount: 1,
     _maxListeners: undefined,
     _writableState:
      WritableState {
        objectMode: false,
        highWaterMark: 16384,
        finalCalled: false,
        needDrain: false,
        ending: false,
        ended: false,
        finished: false,
        destroyed: false,
        decodeStrings: false,
        defaultEncoding: 'utf8',
        length: 0,
        writing: false,
        corked: 0,
        sync: true,
        bufferProcessing: false,
        onwrite: [Function: bound onwrite],
        writecb: null,
        writelen: 0,
        bufferedRequest: null,
        lastBufferedRequest: null,
        pendingcb: 0,
        prefinished: false,
        errorEmitted: false,
        emitClose: false,
        autoDestroy: false,
        bufferedRequestCount: 0,
        corkedRequestsFree: [Object] },
     writable: true,
     allowHalfOpen: false,
     _sockname: null,
     _pendingData: null,
     _pendingEncoding: '',
     server: null,
     _server: null,
     [Symbol(asyncId)]: 136,
     [Symbol(lastWriteQueueSize)]: 0,
     [Symbol(timeout)]: null,
     [Symbol(kBytesRead)]: 0,
     [Symbol(kBytesWritten)]: 0 },
  stdout:
   Socket {
     connecting: false,
     _hadError: false,
     _handle:
      Pipe {
        onread: [Function: onStreamRead],
        reading: true,
        [Symbol(owner)]: [Circular] },
     _parent: null,
     _host: null,
     _readableState:
      ReadableState {
        objectMode: false,
        highWaterMark: 16384,
        buffer: BufferList { head: null, tail: null, length: 0 },
        length: 0,
        pipes: null,
        pipesCount: 0,
        flowing: null,
        ended: false,
        endEmitted: false,
        reading: true,
        sync: false,
        needReadable: true,
        emittedReadable: false,
        readableListening: false,
        resumeScheduled: false,
        paused: true,
        emitClose: false,
        autoDestroy: false,
        destroyed: false,
        defaultEncoding: 'utf8',
        awaitDrain: 0,
        readingMore: false,
        decoder: null,
        encoding: null },
     readable: true,
     _events:
      [Object: null prototype] { end: [Function: onReadableStreamEnd], close: [Function] },
     _eventsCount: 2,
     _maxListeners: undefined,
     _writableState:
      WritableState {
        objectMode: false,
        highWaterMark: 16384,
        finalCalled: false,
        needDrain: false,
        ending: false,
        ended: false,
        finished: false,
        destroyed: false,
        decodeStrings: false,
        defaultEncoding: 'utf8',
        length: 0,
        writing: false,
        corked: 0,
        sync: true,
        bufferProcessing: false,
        onwrite: [Function: bound onwrite],
        writecb: null,
        writelen: 0,
        bufferedRequest: null,
        lastBufferedRequest: null,
        pendingcb: 0,
        prefinished: false,
        errorEmitted: false,
        emitClose: false,
        autoDestroy: false,
        bufferedRequestCount: 0,
        corkedRequestsFree: [Object] },
     writable: false,
     allowHalfOpen: false,
     _sockname: null,
     _pendingData: null,
     _pendingEncoding: '',
     server: null,
     _server: null,
     [Symbol(asyncId)]: 137,
     [Symbol(lastWriteQueueSize)]: 0,
     [Symbol(timeout)]: null,
     [Symbol(kBytesRead)]: 0,
     [Symbol(kBytesWritten)]: 0 },
  stderr:
   Socket {
     connecting: false,
     _hadError: false,
     _handle:
      Pipe {
        onread: [Function: onStreamRead],
        reading: true,
        [Symbol(owner)]: [Circular] },
     _parent: null,
     _host: null,
     _readableState:
      ReadableState {
        objectMode: false,
        highWaterMark: 16384,
        buffer: BufferList { head: null, tail: null, length: 0 },
        length: 0,
        pipes: null,
        pipesCount: 0,
        flowing: null,
        ended: false,
        endEmitted: false,
        reading: true,
        sync: false,
        needReadable: true,
        emittedReadable: false,
        readableListening: false,
        resumeScheduled: false,
        paused: true,
        emitClose: false,
        autoDestroy: false,
        destroyed: false,
        defaultEncoding: 'utf8',
        awaitDrain: 0,
        readingMore: false,
        decoder: null,
        encoding: null },
     readable: true,
     _events:
      [Object: null prototype] { end: [Function: onReadableStreamEnd], close: [Function] },
     _eventsCount: 2,
     _maxListeners: undefined,
     _writableState:
      WritableState {
        objectMode: false,
        highWaterMark: 16384,
        finalCalled: false,
        needDrain: false,
        ending: false,
        ended: false,
        finished: false,
        destroyed: false,
        decodeStrings: false,
        defaultEncoding: 'utf8',
        length: 0,
        writing: false,
        corked: 0,
        sync: true,
        bufferProcessing: false,
        onwrite: [Function: bound onwrite],
        writecb: null,
        writelen: 0,
        bufferedRequest: null,
        lastBufferedRequest: null,
        pendingcb: 0,
        prefinished: false,
        errorEmitted: false,
        emitClose: false,
        autoDestroy: false,
        bufferedRequestCount: 0,
        corkedRequestsFree: [Object] },
     writable: false,
     allowHalfOpen: false,
     _sockname: null,
     _pendingData: null,
     _pendingEncoding: '',
     server: null,
     _server: null,
     [Symbol(asyncId)]: 138,
     [Symbol(lastWriteQueueSize)]: 0,
     [Symbol(timeout)]: null,
     [Symbol(kBytesRead)]: 0,
     [Symbol(kBytesWritten)]: 0 },
  stdio:
   [ Socket {
       connecting: false,
       _hadError: false,
       _handle: [Pipe],
       _parent: null,
       _host: null,
       _readableState: [ReadableState],
       readable: false,
       _events: [Object],
       _eventsCount: 1,
       _maxListeners: undefined,
       _writableState: [WritableState],
       writable: true,
       allowHalfOpen: false,
       _sockname: null,
       _pendingData: null,
       _pendingEncoding: '',
       server: null,
       _server: null,
       [Symbol(asyncId)]: 136,
       [Symbol(lastWriteQueueSize)]: 0,
       [Symbol(timeout)]: null,
       [Symbol(kBytesRead)]: 0,
       [Symbol(kBytesWritten)]: 0 },
     Socket {
       connecting: false,
       _hadError: false,
       _handle: [Pipe],
       _parent: null,
       _host: null,
       _readableState: [ReadableState],
       readable: true,
       _events: [Object],
       _eventsCount: 2,
       _maxListeners: undefined,
       _writableState: [WritableState],
       writable: false,
       allowHalfOpen: false,
       _sockname: null,
       _pendingData: null,
       _pendingEncoding: '',
       server: null,
       _server: null,
       [Symbol(asyncId)]: 137,
       [Symbol(lastWriteQueueSize)]: 0,
       [Symbol(timeout)]: null,
       [Symbol(kBytesRead)]: 0,
       [Symbol(kBytesWritten)]: 0 },
     Socket {
       connecting: false,
       _hadError: false,
       _handle: [Pipe],
       _parent: null,
       _host: null,
       _readableState: [ReadableState],
       readable: true,
       _events: [Object],
       _eventsCount: 2,
       _maxListeners: undefined,
       _writableState: [WritableState],
       writabl