====block====debug:invalid prev_hash
id:1
timestamp:1671468733.52
nonce:2031651722
prev_hash:a2adb46910e95f3192a57c8c08b98c8dd177fa2e450ac7a17291754c6cee854d
information.data:test 0 port 5002
source:192.168.136.1:5002
=============
hash:000002ad2cfac0a3249762f4b8638721ed5203a0f68e543aa42f0f627357439b
=============
====block====debug:invalid prev_hash
id:2
timestamp:1671468733.55
nonce:2482736025
prev_hash:000002ad2cfac0a3249762f4b8638721ed5203a0f68e543aa42f0f627357439b
information.data:test 1 port 5002
source:192.168.136.1:5002
=============
hash:00001df5bdd9ccbae43d74b894e80f0703c3f0e4bd0240480f496c5a7ed331f2
=============
====block====debug:invalid prev_hash
id:3
timestamp:1671468733.58
nonce:4272030652
prev_hash:00001df5bdd9ccbae43d74b894e80f0703c3f0e4bd0240480f496c5a7ed331f2
information.data:test 4 port 5002
source:192.168.136.1:5002
=============
hash:0000d05e70712d68e1fbffb731b04dd23eba49fec076b6c8a921484731e259e4
=============
====block====debug:invalid prev_hash
id:4
timestamp:1671468733.59
nonce:1926411136
prev_hash:0000d05e70712d68e1fbffb731b04dd23eba49fec076b6c8a921484731e259e4
information.data:test 6 port 5002
source:192.168.136.1:5002
=============
hash:000036302063bb1bbc83a8c63005bd800f07d743752c94265684a13105c401fa
=============
====block====debug:invalid prev_hash
id:5
timestamp:1671468734.73
nonce:944775422
prev_hash:000036302063bb1bbc83a8c63005bd800f07d743752c94265684a13105c401fa
information.data:test 0 port 5002
source:192.168.136.1:5002
=============
hash:00007569dc0646b713f52bacbd501657ad3ddc77f95378ab73d7885e5a33479b
=============
====block====debug:invalid prev_hash
id:6
timestamp:1671468734.76
nonce:1923802118
prev_hash:00007569dc0646b713f52bacbd501657ad3ddc77f95378ab73d7885e5a33479b
information.data:test 1 port 5002
source:192.168.136.1:5002
=============
hash:00003234bdbbe0b1941df2dd92133dfdad54b64eaf831e9fcb65b35b5e78e726
=============
====block====debug:invalid prev_hash
id:7
timestamp:1671468734.79
nonce:3975276313
prev_hash:00003234bdbbe0b1941df2dd92133dfdad54b64eaf831e9fcb65b35b5e78e726
information.data:test 2 port 5002
source:192.168.136.1:5002
=============
hash:0000aa398162a9f671916ed78606d02dc6de4f85832904c21dc7c8b93f64eef8
=============
====block====debug:invalid prev_hash
id:8
timestamp:1671468734.85
nonce:3217119726
prev_hash:0000aa398162a9f671916ed78606d02dc6de4f85832904c21dc7c8b93f64eef8
information.data:test 6 port 5002
source:192.168.136.1:5002
=============
hash:00000db0a01e465967227712b748a4147810f00395cffc88172acba6982b0b26
=============
====block====debug:invalid prev_hash
id:9
timestamp:1671468734.81
nonce:3678980321
prev_hash:00000db0a01e465967227712b748a4147810f00395cffc88172acba6982b0b26
information.data:test 3 port 5002
source:192.168.136.1:5002
=============
hash:00000c868ce97aab9ee5cca53bedd6e7c9155f49dc2afd53a8a8515a93e06a86
=============
====block====debug:invalid prev_hash
id:10
timestamp:1671468734.84
nonce:195007919
prev_hash:00000c868ce97aab9ee5cca53bedd6e7c9155f49dc2afd53a8a8515a93e06a86
information.data:test 4 port 5002
source:192.168.136.1:5002
=============
hash:0000b6b630e1f5df39d8689c56399554acf0c6147ce25ae849245eec8c8e8fd5
=============
