====block====
id:1
timestamp:1671468733.52
nonce:365027215
prev_hash:a2adb46910e95f3192a57c8c08b98c8dd177fa2e450ac7a17291754c6cee854d
information.data:test 0 port 5002
source:192.168.136.1:5002
=============
hash:000009bfe4c501a714a4f229b2ef085ae085869c2f14583f36e5f330178d6ece
=============
====block====
id:2
timestamp:1671468733.55
nonce:3657539100
prev_hash:000009bfe4c501a714a4f229b2ef085ae085869c2f14583f36e5f330178d6ece
information.data:test 1 port 5002
source:192.168.136.1:5002
=============
hash:0000623f80dd53d266376d5de3da921600d30714486623dfb4b5a17c31dfd90b
=============
====block====
id:3
timestamp:1671468733.55
nonce:3978194729
prev_hash:0000623f80dd53d266376d5de3da921600d30714486623dfb4b5a17c31dfd90b
information.data:test 3 port 5002
source:192.168.136.1:5002
=============
hash:0000d127390ec2ee667e8832690c8d32df4add1a24df81160f066f63cd5d42db
=============
====block====
id:4
timestamp:1671468733.58
nonce:3765319631
prev_hash:0000d127390ec2ee667e8832690c8d32df4add1a24df81160f066f63cd5d42db
information.data:test 4 port 5002
source:192.168.136.1:5002
=============
hash:0000099157227a3b533c717c938ca61cc6da2fa211352bf64a70fc642ff1b48a
=============
====block====
id:5
timestamp:1671468733.59
nonce:2699508193
prev_hash:0000099157227a3b533c717c938ca61cc6da2fa211352bf64a70fc642ff1b48a
information.data:test 6 port 5002
source:192.168.136.1:5002
=============
hash:0000a6bd8f029c631db0d5aa91424f37a8196f56d41c16593f82a022104412cc
=============
====block====
id:6
timestamp:1671468734.73
nonce:3583657724
prev_hash:0000a6bd8f029c631db0d5aa91424f37a8196f56d41c16593f82a022104412cc
information.data:test 0 port 5002
source:192.168.136.1:5002
=============
hash:000090aff83bfc6339aa2d4832090689a20f49bdaec8734c5d0c6807ae454e50
=============
====block====
id:7
timestamp:1671468734.76
nonce:1261664500
prev_hash:000090aff83bfc6339aa2d4832090689a20f49bdaec8734c5d0c6807ae454e50
information.data:test 1 port 5002
source:192.168.136.1:5002
=============
hash:00004311591ecf34e5d32a1169ca86f95a2e95e8e8607977cd94163041c13ef5
=============
====block====
id:8
timestamp:1671468734.79
nonce:1295938240
prev_hash:00004311591ecf34e5d32a1169ca86f95a2e95e8e8607977cd94163041c13ef5
information.data:test 2 port 5002
source:192.168.136.1:5002
=============
hash:000011f3bcff22303b2b423643854bbba75fda07568e7d2ec0645b4c7b22fef8
=============
====block====
id:9
timestamp:1671468734.81
nonce:3057971416
prev_hash:000011f3bcff22303b2b423643854bbba75fda07568e7d2ec0645b4c7b22fef8
information.data:test 3 port 5002
source:192.168.136.1:5002
=============
hash:00006c62b24c0cd1343290df83c270e882339265a38b3f2f080d02a3ec91dc9e
=============
====block====
id:10
timestamp:1671468734.84
nonce:3993949780
prev_hash:00006c62b24c0cd1343290df83c270e882339265a38b3f2f080d02a3ec91dc9e
information.data:test 4 port 5002
source:192.168.136.1:5002
=============
hash:00009a42de40b8d317a7181bdddb1b0af088dfa1b8aa31251ccad086b9925230
=============
