====block====
id:0
timestamp:0.0
nonce:0
prev_hash:0
information.data:this is genesis block
source:0.0.0.0:0
=============
hash:a2adb46910e95f3192a57c8c08b98c8dd177fa2e450ac7a17291754c6cee854d
=============
====block====
id:1
timestamp:1681057258.44
nonce:679007059
prev_hash:a2adb46910e95f3192a57c8c08b98c8dd177fa2e450ac7a17291754c6cee854d
information.data:test 0 port 5003
source:172.30.5.65:5003
=============
hash:00006299448e60c6364ded11964bf829fbc6744db241da799ea45e9af9efa3fd
=============
====block====
id:2
timestamp:1681057258.8
nonce:738935302
prev_hash:00006299448e60c6364ded11964bf829fbc6744db241da799ea45e9af9efa3fd
information.data:test 1 port 5003
source:172.30.5.65:5003
=============
hash:0000590754a553fc606a248bcc920ed1cdead1523bb3b22275ec013d41736df8
=============
====block====
id:3
timestamp:1681057259.18
nonce:836489292
prev_hash:0000590754a553fc606a248bcc920ed1cdead1523bb3b22275ec013d41736df8
information.data:test 2 port 5003
source:172.30.5.65:5003
=============
hash:0000c3c57d9c91791a1b63a7841f24f6fe70c40c31eeab84cfed1ac3035be40f
=============
====block====
id:4
timestamp:1681057259.55
nonce:3876430688
prev_hash:0000c3c57d9c91791a1b63a7841f24f6fe70c40c31eeab84cfed1ac3035be40f
information.data:test 3 port 5003
source:172.30.5.65:5003
=============
hash:0000420269889fb03575501cc6c482ba0b3b0055df21745997d6206789cd1325
=============
====block====
id:5
timestamp:1681057259.96
nonce:4108917366
prev_hash:0000420269889fb03575501cc6c482ba0b3b0055df21745997d6206789cd1325
information.data:test 4 port 5003
source:172.30.5.65:5003
=============
hash:0000e583e39d5e38547f9f40ab5c17674efd2b48d8042ed61101813b310e4e26
=============
====block====
id:6
timestamp:1681057260.55
nonce:1683991979
prev_hash:0000e583e39d5e38547f9f40ab5c17674efd2b48d8042ed61101813b310e4e26
information.data:test 5 port 5003
source:172.30.5.65:5003
=============
hash:0000f0a6b0fd9af0b66001b2e50c8ca10f99550e2ed10dd4f3d99ecd43fdc7d7
=============
====block====
id:7
timestamp:1681057260.91
nonce:882435273
prev_hash:0000f0a6b0fd9af0b66001b2e50c8ca10f99550e2ed10dd4f3d99ecd43fdc7d7
information.data:test 6 port 5003
source:172.30.5.65:5003
=============
hash:000014761ba653a9bce4252477e98e32e4e5cacedd999699d14bcda2616abc62
=============
====block====
id:8
timestamp:1681057261.25
nonce:4229094565
prev_hash:000014761ba653a9bce4252477e98e32e4e5cacedd999699d14bcda2616abc62
information.data:test 7 port 5003
source:172.30.5.65:5003
=============
hash:000054e792930927df418fc6dae5e8a13f9ab745f8f4a9680f5a40623ee56832
=============
====block====
id:9
timestamp:1681057261.57
nonce:1160295669
prev_hash:000054e792930927df418fc6dae5e8a13f9ab745f8f4a9680f5a40623ee56832
information.data:test 8 port 5003
source:172.30.5.65:5003
=============
hash:0000b4899269e275e1aee01c0d50bec701ce0b638bb56f7f4fbd1bbe94c6240e
=============
====block====
id:10
timestamp:1681057261.94
nonce:1925792140
prev_hash:0000b4899269e275e1aee01c0d50bec701ce0b638bb56f7f4fbd1bbe94c6240e
information.data:test 9 port 5003
source:172.30.5.65:5003
=============
hash:0000d171d7b4407be47de393fbab3a81757446f9a858d28bbe77da4de30a3c96
=============
